/work/nikki/MT/code/service.py:65: FutureWarning: Setting an item of incompatible dtype is deprecated and will raise an error in a future version of pandas. Value 'open-ended' has dtype incompatible with int64, please explicitly cast to a compatible dtype first.
  df.loc[(df['Label'] == -1) & (df[category] > 0), 'Label'] = category
Label
1    2293
0    1390
3     577
2     544
Name: count, dtype: int64

Generating train split: 0 examples [00:00, ? examples/s]
Generating train split: 4803 examples [00:00, 311976.25 examples/s]

Map:   0%|          | 0/4803 [00:00<?, ? examples/s]
Map:  42%|████▏     | 2000/4803 [00:00<00:00, 14360.78 examples/s]
Map:  83%|████████▎ | 4000/4803 [00:00<00:00, 11205.47 examples/s]
Map: 100%|██████████| 4803/4803 [00:00<00:00, 7685.95 examples/s] 
Validation Classification Report Epoch:
                precision    recall  f1-score   support

    open-ended       0.57      0.66      0.61       268
 option-posing       0.59      0.67      0.63       457
none-questions       0.73      0.76      0.74       105
       leading       0.48      0.08      0.13       131

      accuracy                           0.60       961
     macro avg       0.59      0.54      0.53       961
  weighted avg       0.58      0.60      0.57       961

Validation Classification Report Epoch:
                precision    recall  f1-score   support

    open-ended       0.79      0.62      0.69       268
 option-posing       0.85      0.67      0.75       457
none-questions       0.84      0.79      0.81       105
       leading       0.40      0.89      0.55       131

      accuracy                           0.70       961
     macro avg       0.72      0.74      0.70       961
  weighted avg       0.77      0.70      0.71       961

Validation Classification Report Epoch:
                precision    recall  f1-score   support

    open-ended       0.78      0.78      0.78       268
 option-posing       0.89      0.64      0.74       457
none-questions       0.67      0.90      0.77       105
       leading       0.51      0.86      0.64       131

      accuracy                           0.74       961
     macro avg       0.71      0.80      0.73       961
  weighted avg       0.78      0.74      0.74       961

Validation Classification Report Epoch:
                precision    recall  f1-score   support

    open-ended       0.79      0.79      0.79       268
 option-posing       0.88      0.70      0.78       457
none-questions       0.69      0.90      0.78       105
       leading       0.54      0.80      0.65       131

      accuracy                           0.76       961
     macro avg       0.73      0.80      0.75       961
  weighted avg       0.79      0.76      0.76       961

Validation Classification Report Epoch:
                precision    recall  f1-score   support

    open-ended       0.85      0.71      0.77       268
 option-posing       0.83      0.71      0.77       457
none-questions       0.68      0.90      0.78       105
       leading       0.55      0.89      0.68       131

      accuracy                           0.75       961
     macro avg       0.73      0.80      0.75       961
  weighted avg       0.78      0.75      0.76       961

