                                               Question           label
0     I'm going to turn to your relationship with yo...  option posing 
1     When you spoke to this woman, was there anyone...  option posing 
2     Did you tell us that the defendant put his mou...  option posing 
3     So June 27th. And then did you talk to anyone ...  option posing 
4     And after telling your family, is that shortly...  option posing 
...                                                 ...             ...
1063  And Mrs. Smith asked you, did you say that he ...             DYK
1064  Okay. So I'll go back over here. Now, do you r...             DYK
1065  An hour? Okay. Do you remember who was home th...             DYK
1066  Okay.  Do you remember her coming up to your s...             DYK
1067                                       THE GROUPON?   option-posing

[1068 rows x 2 columns]
Traceback (most recent call last):
  File "/work/nikki/MT/code/service.py", line 43, in <module>
    read_file()
  File "/work/nikki/MT/code/service.py", line 39, in read_file
    filtered_df.to_csv('./data/csv_'+file_path, index=False)
  File "/work/nikki/miniconda/lib/python3.12/site-packages/pandas/util/_decorators.py", line 333, in wrapper
    return func(*args, **kwargs)
           ^^^^^^^^^^^^^^^^^^^^^
  File "/work/nikki/miniconda/lib/python3.12/site-packages/pandas/core/generic.py", line 3967, in to_csv
    return DataFrameRenderer(formatter).to_csv(
           ^^^^^^^^^^^^^^^^^^^^^^^^^^^^^^^^^^^^
  File "/work/nikki/miniconda/lib/python3.12/site-packages/pandas/io/formats/format.py", line 1014, in to_csv
    csv_formatter.save()
  File "/work/nikki/miniconda/lib/python3.12/site-packages/pandas/io/formats/csvs.py", line 251, in save
    with get_handle(
         ^^^^^^^^^^^
  File "/work/nikki/miniconda/lib/python3.12/site-packages/pandas/io/common.py", line 749, in get_handle
    check_parent_directory(str(handle))
  File "/work/nikki/miniconda/lib/python3.12/site-packages/pandas/io/common.py", line 616, in check_parent_directory
    raise OSError(rf"Cannot save file into a non-existent directory: '{parent}'")
OSError: Cannot save file into a non-existent directory: 'data/csv_./data'
srun: error: g001: task 0: Exited with exit code 1
