DataFrame columns: ['Question', 'labels']
Generating train split: 0 examples [00:00, ? examples/s]Generating train split: 2187 examples [00:00, 290678.55 examples/s]
Map:   0%|          | 0/2187 [00:00<?, ? examples/s]Map:  91%|█████████▏| 2000/2187 [00:00<00:00, 15842.66 examples/s]Map: 100%|██████████| 2187/2187 [00:00<00:00, 15513.89 examples/s]
/work/nikki/miniconda/lib/python3.12/site-packages/torch/nn/modules/rnn.py:123: UserWarning: dropout option adds dropout after all but last recurrent layer, so non-zero dropout expects num_layers greater than 1, but got dropout=0.2 and num_layers=1
  warnings.warn(
Validation Classification Report:
               precision    recall  f1-score   support

   invitation       0.00      0.00      0.00        12
    directive       0.00      0.00      0.00       129
option-posing       0.63      1.00      0.78       278
   suggestive       0.00      0.00      0.00        19

     accuracy                           0.63       438
    macro avg       0.16      0.25      0.19       438
 weighted avg       0.40      0.63      0.49       438

Validation Classification Report:
               precision    recall  f1-score   support

   invitation       0.00      0.00      0.00        12
    directive       0.00      0.00      0.00       129
option-posing       0.63      1.00      0.78       278
   suggestive       0.00      0.00      0.00        19

     accuracy                           0.63       438
    macro avg       0.16      0.25      0.19       438
 weighted avg       0.40      0.63      0.49       438

Validation Classification Report:
               precision    recall  f1-score   support

   invitation       0.00      0.00      0.00        12
    directive       0.00      0.00      0.00       129
option-posing       0.63      1.00      0.78       278
   suggestive       0.00      0.00      0.00        19

     accuracy                           0.63       438
    macro avg       0.16      0.25      0.19       438
 weighted avg       0.40      0.63      0.49       438

