Tuning model: Logistic Regression
Fitting 5 folds for each of 10 candidates, totalling 50 fits
Best parameters for LogisticRegression: {'solver': 'liblinear', 'C': 10}
Tuning model: SVM
Fitting 5 folds for each of 10 candidates, totalling 50 fits
Best parameters for SVC: {'kernel': 'linear', 'gamma': 'scale', 'C': 1}
Tuning model: Random Forest
Fitting 5 folds for each of 10 candidates, totalling 50 fits
Best parameters for RandomForestClassifier: {'n_estimators': 50, 'min_samples_split': 5, 'max_depth': None}

Model: Logistic Regression
Accuracy: 0.8219
Classification Report:
               precision    recall  f1-score   support

   invitation       0.67      0.71      0.69        14
    directive       0.83      0.72      0.77       126
option-posing       0.83      0.93      0.88       277
   suggestive       0.25      0.05      0.08        21

     accuracy                           0.82       438
    macro avg       0.65      0.60      0.61       438
 weighted avg       0.80      0.82      0.80       438

--------------------------------------------------

Model: SVM
Accuracy: 0.8425
Classification Report:
               precision    recall  f1-score   support

   invitation       0.69      0.79      0.73        14
    directive       0.87      0.75      0.81       126
option-posing       0.84      0.95      0.89       277
   suggestive       0.00      0.00      0.00        21

     accuracy                           0.84       438
    macro avg       0.60      0.62      0.61       438
 weighted avg       0.81      0.84      0.82       438

--------------------------------------------------

Model: Random Forest
Accuracy: 0.8265
Classification Report:
               precision    recall  f1-score   support

   invitation       0.88      0.50      0.64        14
    directive       0.89      0.70      0.78       126
option-posing       0.81      0.96      0.88       277
   suggestive       0.00      0.00      0.00        21

     accuracy                           0.83       438
    macro avg       0.64      0.54      0.57       438
 weighted avg       0.80      0.83      0.80       438

--------------------------------------------------
