Model: Logistic Regression
Accuracy: 0.7569
Classification Report:
              precision    recall  f1-score   support

        R2-1       0.71      0.67      0.69        15
       R2_2B       0.91      0.92      0.92        66
       R2_2D       0.72      0.70      0.71        47
      R2_2SD       0.43      0.23      0.30        13
        R2_3       0.76      0.85      0.80       137
      R2_3YN       0.73      0.74      0.74       149
      R2_4QG       0.00      0.00      0.00         2
      R2_4QL       0.00      0.00      0.00        10
      R2_4QP       0.00      0.00      0.00         1
      R2_4QR       0.00      0.00      0.00         4
      R2_4QV       0.00      0.00      0.00         1
        R2_5       0.74      0.84      0.79        88
       R2_OP       1.00      0.20      0.33        10

    accuracy                           0.76       543
   macro avg       0.46      0.40      0.41       543
weighted avg       0.73      0.76      0.74       543

--------------------------------------------------
Model: SVM
Accuracy: 0.7735
Classification Report:
              precision    recall  f1-score   support

        R2-1       0.61      0.73      0.67        15
       R2_2B       0.91      0.91      0.91        66
       R2_2D       0.71      0.74      0.73        47
      R2_2SD       0.50      0.23      0.32        13
        R2_3       0.75      0.87      0.80       137
      R2_3YN       0.76      0.79      0.77       149
      R2_4QG       0.00      0.00      0.00         2
      R2_4QL       0.00      0.00      0.00        10
      R2_4QP       0.00      0.00      0.00         1
      R2_4QR       0.00      0.00      0.00         4
      R2_4QV       0.00      0.00      0.00         1
        R2_5       0.84      0.82      0.83        88
       R2_OP       0.50      0.30      0.38        10

    accuracy                           0.77       543
   macro avg       0.43      0.41      0.42       543
weighted avg       0.74      0.77      0.76       543

--------------------------------------------------
Model: Random Forest
Accuracy: 0.7845
Classification Report:
              precision    recall  f1-score   support

        R2-1       0.75      0.80      0.77        15
       R2_2B       0.89      0.95      0.92        66
       R2_2D       0.82      0.77      0.79        47
      R2_2SD       0.71      0.38      0.50        13
        R2_3       0.76      0.82      0.79       137
      R2_3YN       0.70      0.79      0.74       149
      R2_4QG       0.00      0.00      0.00         2
      R2_4QL       0.00      0.00      0.00        10
      R2_4QP       0.00      0.00      0.00         1
      R2_4QR       1.00      0.25      0.40         4
      R2_4QV       0.00      0.00      0.00         1
        R2_5       0.90      0.85      0.88        88
       R2_OP       0.75      0.30      0.43        10

    accuracy                           0.78       543
   macro avg       0.56      0.46      0.48       543
weighted avg       0.77      0.78      0.77       543

--------------------------------------------------
